<?xml version="1.0" encoding="UTF-8"?>
<testsuite name="QuickTest" tests="1" skipped="0" failures="1" errors="0" timestamp="2017-05-07T17:51:19" hostname="localhost.localdomain" time="0.2">
  <properties/>
  <testcase name="testQuickTest" classname="QuickTest" time="0.2">
    <failure message="java.lang.AssertionError: expected:&lt;1&gt; but was:&lt;0&gt;" type="java.lang.AssertionError">java.lang.AssertionError: expected:&lt;1&gt; but was:&lt;0&gt;
	at org.junit.Assert.fail(Assert.java:88)
	at org.junit.Assert.failNotEquals(Assert.java:834)
	at org.junit.Assert.assertEquals(Assert.java:645)
	at org.junit.Assert.assertEquals(Assert.java:631)
	at QuickTest.testQuickTest(QuickTest.java:13)
	at sun.reflect.NativeMethodAccessorImpl.invoke0(Native Method)
	at sun.reflect.NativeMethodAccessorImpl.invoke(NativeMethodAccessorImpl.java:62)
	at sun.reflect.DelegatingMethodAccessorImpl.invoke(DelegatingMethodAccessorImpl.java:43)
	at java.lang.reflect.Method.invoke(Method.java:498)
	at org.junit.runners.model.FrameworkMethod$1.runReflectiveCall(FrameworkMethod.java:50)
	at org.junit.internal.runners.model.ReflectiveCallable.run(ReflectiveCallable.java:12)
	at org.junit.runners.model.FrameworkMethod.invokeExplosively(FrameworkMethod.java:47)
	at org.junit.internal.runners.statements.InvokeMethod.evaluate(InvokeMethod.java:17)
	at org.junit.internal.runners.statements.RunBefores.evaluate(RunBefores.java:26)
	at org.junit.runners.ParentRunner.runLeaf(ParentRunner.java:325)
	at org.junit.runners.BlockJUnit4ClassRunner.runChild(BlockJUnit4ClassRunner.java:78)
	at org.junit.runners.BlockJUnit4ClassRunner.runChild(BlockJUnit4ClassRunner.java:57)
	at org.junit.runners.ParentRunner$3.run(ParentRunner.java:290)
	at org.junit.runners.ParentRunner$1.schedule(ParentRunner.java:71)
	at org.junit.runners.ParentRunner.runChildren(ParentRunner.java:288)
	at org.junit.runners.ParentRunner.access$000(ParentRunner.java:58)
	at org.junit.runners.ParentRunner$2.evaluate(ParentRunner.java:268)
	at org.junit.runners.ParentRunner.run(ParentRunner.java:363)
	at org.gradle.api.internal.tasks.testing.junit.JUnitTestClassExecuter.runTestClass(JUnitTestClassExecuter.java:114)
	at org.gradle.api.internal.tasks.testing.junit.JUnitTestClassExecuter.execute(JUnitTestClassExecuter.java:57)
	at org.gradle.api.internal.tasks.testing.junit.JUnitTestClassProcessor.processTestClass(JUnitTestClassProcessor.java:66)
	at org.gradle.api.internal.tasks.testing.SuiteTestClassProcessor.processTestClass(SuiteTestClassProcessor.java:51)
	at sun.reflect.NativeMethodAccessorImpl.invoke0(Native Method)
	at sun.reflect.NativeMethodAccessorImpl.invoke(NativeMethodAccessorImpl.java:62)
	at sun.reflect.DelegatingMethodAccessorImpl.invoke(DelegatingMethodAccessorImpl.java:43)
	at java.lang.reflect.Method.invoke(Method.java:498)
	at org.gradle.internal.dispatch.ReflectionDispatch.dispatch(ReflectionDispatch.java:35)
	at org.gradle.internal.dispatch.ReflectionDispatch.dispatch(ReflectionDispatch.java:24)
	at org.gradle.internal.dispatch.ContextClassLoaderDispatch.dispatch(ContextClassLoaderDispatch.java:32)
	at org.gradle.internal.dispatch.ProxyDispatchAdapter$DispatchingInvocationHandler.invoke(ProxyDispatchAdapter.java:93)
	at com.sun.proxy.$Proxy3.processTestClass(Unknown Source)
	at org.gradle.api.internal.tasks.testing.worker.TestWorker.processTestClass(TestWorker.java:109)
	at sun.reflect.NativeMethodAccessorImpl.invoke0(Native Method)
	at sun.reflect.NativeMethodAccessorImpl.invoke(NativeMethodAccessorImpl.java:62)
	at sun.reflect.DelegatingMethodAccessorImpl.invoke(DelegatingMethodAccessorImpl.java:43)
	at java.lang.reflect.Method.invoke(Method.java:498)
	at org.gradle.internal.dispatch.ReflectionDispatch.dispatch(ReflectionDispatch.java:35)
	at org.gradle.internal.dispatch.ReflectionDispatch.dispatch(ReflectionDispatch.java:24)
	at org.gradle.internal.remote.internal.hub.MessageHubBackedObjectConnection$DispatchWrapper.dispatch(MessageHubBackedObjectConnection.java:147)
	at org.gradle.internal.remote.internal.hub.MessageHubBackedObjectConnection$DispatchWrapper.dispatch(MessageHubBackedObjectConnection.java:129)
	at org.gradle.internal.remote.internal.hub.MessageHub$Handler.run(MessageHub.java:404)
	at org.gradle.internal.concurrent.ExecutorPolicy$CatchAndRecordFailures.onExecute(ExecutorPolicy.java:63)
	at org.gradle.internal.concurrent.StoppableExecutorImpl$1.run(StoppableExecutorImpl.java:46)
	at java.util.concurrent.ThreadPoolExecutor.runWorker(ThreadPoolExecutor.java:1142)
	at java.util.concurrent.ThreadPoolExecutor$Worker.run(ThreadPoolExecutor.java:617)
	at java.lang.Thread.run(Thread.java:745)
</failure>
  </testcase>
  <system-out><![CDATA[Seed : 1050
Moved to 1
The Orb is 27  tiles away
Pushed 1 to the path stack
Moved to 2
The Orb is 26  tiles away
Pushed 2 to the path stack
Moved to 3
The Orb is 25  tiles away
Pushed 3 to the path stack
Moved to 4
The Orb is 26  tiles away
Pushed 4 to the path stack
Moved to 5
The Orb is 27  tiles away
Pushed 5 to the path stack
Moved to 6
The Orb is 28  tiles away
Pushed 6 to the path stack
Moved to 7
The Orb is 29  tiles away
Pushed 7 to the path stack
Moved to 9
The Orb is 28  tiles away
Pushed 9 to the path stack
Moved to 11
The Orb is 27  tiles away
Pushed 11 to the path stack
Moved to 12
The Orb is 26  tiles away
Pushed 12 to the path stack
Moved to 13
The Orb is 25  tiles away
Pushed 13 to the path stack
Moved to 14
The Orb is 24  tiles away
Pushed 14 to the path stack
Moved to 16
The Orb is 23  tiles away
Pushed 16 to the path stack
Moved to 19
The Orb is 22  tiles away
Pushed 19 to the path stack
Moved to 21
The Orb is 23  tiles away
Pushed 21 to the path stack
Moved to 24
The Orb is 24  tiles away
Pushed 24 to the path stack
Moved to 27
The Orb is 25  tiles away
Pushed 27 to the path stack
Moved to 34
The Orb is 26  tiles away
Pushed 34 to the path stack
Moved to 40
The Orb is 27  tiles away
Pushed 40 to the path stack
Moved to 48
The Orb is 28  tiles away
Pushed 48 to the path stack
Moved to 57
The Orb is 27  tiles away
Pushed 57 to the path stack
Moved to 65
The Orb is 28  tiles away
Pushed 65 to the path stack
Moved to 73
The Orb is 27  tiles away
Pushed 73 to the path stack
Moved to 78
The Orb is 26  tiles away
Pushed 78 to the path stack
33
Rewinding to 73
Rewinding to 65
Rewinding to 57
Rewinding to 48
Rewinding to 40
Rewinding to 34
Rewinding to 27
Rewound to 27
Moved to 33
The Orb is 24  tiles away
Pushed 33 to the path stack
Moved to 39
The Orb is 25  tiles away
Pushed 39 to the path stack
Moved to 47
The Orb is 24  tiles away
Pushed 47 to the path stack
Moved to 56
The Orb is 23  tiles away
Pushed 56 to the path stack
Moved to 64
The Orb is 24  tiles away
Pushed 64 to the path stack
Moved to 72
The Orb is 23  tiles away
Pushed 72 to the path stack
Moved to 63
The Orb is 22  tiles away
Pushed 63 to the path stack
Moved to 70
The Orb is 21  tiles away
Pushed 70 to the path stack
Moved to 62
The Orb is 22  tiles away
Pushed 62 to the path stack
Moved to 71
The Orb is 21  tiles away
Pushed 71 to the path stack
Moved to 61
The Orb is 20  tiles away
Pushed 61 to the path stack
Moved to 55
The Orb is 19  tiles away
Pushed 55 to the path stack
Moved to 46
The Orb is 20  tiles away
Pushed 46 to the path stack
Moved to 38
The Orb is 19  tiles away
Pushed 38 to the path stack
Moved to 32
The Orb is 20  tiles away
Pushed 32 to the path stack
Moved to 26
The Orb is 21  tiles away
Pushed 26 to the path stack
Moved to 31
The Orb is 20  tiles away
Pushed 31 to the path stack
Moved to 37
The Orb is 19  tiles away
Pushed 37 to the path stack
Moved to 44
The Orb is 18  tiles away
Pushed 44 to the path stack
Moved to 53
The Orb is 17  tiles away
Pushed 53 to the path stack
Moved to 60
The Orb is 16  tiles away
Pushed 60 to the path stack
Moved to 69
The Orb is 17  tiles away
Pushed 69 to the path stack
Moved to 77
The Orb is 18  tiles away
Pushed 77 to the path stack
Moved to 82
The Orb is 17  tiles away
Pushed 82 to the path stack
Moved to 76
The Orb is 16  tiles away
Pushed 76 to the path stack
Moved to 68
The Orb is 15  tiles away
Pushed 68 to the path stack
Moved to 75
The Orb is 14  tiles away
Pushed 75 to the path stack
Moved to 80
The Orb is 13  tiles away
Pushed 80 to the path stack
Moved to 84
The Orb is 12  tiles away
Pushed 84 to the path stack
Moved to 87
The Orb is 13  tiles away
Pushed 87 to the path stack
Moved to 92
The Orb is 14  tiles away
Pushed 92 to the path stack
Moved to 98
The Orb is 15  tiles away
Pushed 98 to the path stack
Moved to 104
The Orb is 16  tiles away
Pushed 104 to the path stack
Moved to 110
The Orb is 17  tiles away
Pushed 110 to the path stack
Moved to 116
The Orb is 18  tiles away
Pushed 116 to the path stack
Moved to 122
The Orb is 19  tiles away
Pushed 122 to the path stack
Moved to 127
The Orb is 20  tiles away
Pushed 127 to the path stack
Moved to 132
The Orb is 21  tiles away
Pushed 132 to the path stack
Moved to 135
The Orb is 22  tiles away
Pushed 135 to the path stack
Moved to 138
The Orb is 23  tiles away
Pushed 138 to the path stack
115
Rewinding to 135
Rewinding to 132
Rewinding to 127
Rewinding to 122
Rewinding to 116
Rewinding to 110
Rewound to 110
Moved to 115
The Orb is 18  tiles away
Pushed 115 to the path stack
Moved to 121
The Orb is 17  tiles away
Pushed 121 to the path stack
Moved to 126
The Orb is 16  tiles away
Pushed 126 to the path stack
Moved to 131
The Orb is 15  tiles away
Pushed 131 to the path stack
Moved to 125
The Orb is 14  tiles away
Pushed 125 to the path stack
Moved to 120
The Orb is 13  tiles away
Pushed 120 to the path stack
Moved to 124
The Orb is 12  tiles away
Pushed 124 to the path stack
Moved to 119
The Orb is 11  tiles away
Pushed 119 to the path stack
Moved to 114
The Orb is 12  tiles away
Pushed 114 to the path stack
Moved to 109
The Orb is 11  tiles away
Pushed 109 to the path stack
Moved to 103
The Orb is 12  tiles away
Pushed 103 to the path stack
Moved to 96
The Orb is 11  tiles away
Pushed 96 to the path stack
Moved to 91
The Orb is 12  tiles away
Pushed 91 to the path stack
102
Rewinding to 96
Rewound to 96
Moved to 102
The Orb is 10  tiles away
Pushed 102 to the path stack
Moved to 108
The Orb is 9  tiles away
Pushed 108 to the path stack
Moved to 101
The Orb is 10  tiles away
Pushed 101 to the path stack
113
Rewinding to 108
Rewound to 108
Moved to 113
The Orb is 8  tiles away
Pushed 113 to the path stack
Moved to 118
The Orb is 7  tiles away
Pushed 118 to the path stack
Moved to 123
The Orb is 8  tiles away
Pushed 123 to the path stack
Moved to 128
The Orb is 9  tiles away
Pushed 128 to the path stack
Moved to 133
The Orb is 8  tiles away
Pushed 133 to the path stack
Moved to 136
The Orb is 7  tiles away
Pushed 136 to the path stack
Moved to 139
The Orb is 8  tiles away
Pushed 139 to the path stack
Moved to 141
The Orb is 7  tiles away
Pushed 141 to the path stack
Moved to 144
The Orb is 8  tiles away
Pushed 144 to the path stack
Moved to 142
The Orb is 9  tiles away
Pushed 142 to the path stack
Moved to 140
The Orb is 10  tiles away
Pushed 140 to the path stack
Moved to 137
The Orb is 11  tiles away
Pushed 137 to the path stack
Moved to 134
The Orb is 12  tiles away
Pushed 134 to the path stack
Moved to 129
The Orb is 13  tiles away
Pushed 129 to the path stack
143
Rewinding to 134
Rewinding to 137
Rewinding to 140
Rewinding to 142
Rewinding to 144
Rewinding to 141
Rewound to 141
Moved to 143
The Orb is 6  tiles away
Pushed 143 to the path stack
Moved to 145
The Orb is 5  tiles away
Pushed 145 to the path stack
Moved to 146
The Orb is 4  tiles away
Pushed 146 to the path stack
Moved to 149
The Orb is 5  tiles away
Pushed 149 to the path stack
Moved to 151
The Orb is 4  tiles away
Pushed 151 to the path stack
Moved to 155
The Orb is 5  tiles away
Pushed 155 to the path stack
Moved to 158
The Orb is 6  tiles away
Pushed 158 to the path stack
Moved to 154
The Orb is 5  tiles away
Pushed 154 to the path stack
164
Rewinding to 158
Rewound to 158
Moved to 164
The Orb is 7  tiles away
Pushed 164 to the path stack
163
Rewinding to 158
Rewound to 158
Moved to 163
The Orb is 7  tiles away
Pushed 163 to the path stack
Moved to 169
The Orb is 8  tiles away
Pushed 169 to the path stack
Moved to 174
The Orb is 7  tiles away
Pushed 174 to the path stack
Moved to 176
The Orb is 6  tiles away
Pushed 176 to the path stack
Moved to 171
The Orb is 5  tiles away
Pushed 171 to the path stack
Moved to 165
The Orb is 4  tiles away
Pushed 165 to the path stack
Moved to 159
The Orb is 3  tiles away
Pushed 159 to the path stack
Moved to 156
The Orb is 2  tiles away
Pushed 156 to the path stack
Moved to 160
The Orb is 1  tiles away
Pushed 160 to the path stack
Moved to 157
The Orb is 0  tiles away
Pushed 157 to the path stack
The orb is at 157
Distance to 451 is 0
Distance to 446 is 1
Distance to 451 is 2
Distance to 452 is 4
Distance to 442 is 5
Distance to 458 is 5
Distance to 447 is 7
Distance to 453 is 10
Distance to 456 is 11
Distance to 462 is 12
Distance to 457 is 13
Distance to 463 is 15
Distance to 464 is 17
Distance to 439 is 19
Distance to 470 is 20
Distance to 459 is 21
Distance to 443 is 22
Distance to 465 is 23
Distance to 469 is 25
Distance to 448 is 25
Distance to 454 is 27
Distance to 474 is 28
Distance to 476 is 30
Distance to 478 is 31
Distance to 466 is 32
Distance to 475 is 32
Distance to 477 is 33
Distance to 437 is 34
Distance to 471 is 36
Distance to 460 is 39
Distance to 483 is 39
Distance to 484 is 39
Distance to 436 is 39
Distance to 440 is 42
Distance to 435 is 42
Distance to 482 is 43
Distance to 485 is 43
Distance to 490 is 43
Distance to 467 is 44
Distance to 438 is 44
Distance to 499 is 44
Distance to 434 is 45
Distance to 479 is 46
Distance to 498 is 46
Distance to 441 is 46
Distance to 444 is 47
Distance to 486 is 47
Distance to 507 is 47
Distance to 433 is 48
Distance to 480 is 49
Distance to 493 is 49
Distance to 509 is 49
Distance to 449 is 50
Distance to 508 is 51
Distance to 491 is 52
Distance to 501 is 52
Distance to 517 is 52
Distance to 525 is 53
Distance to 432 is 54
Distance to 510 is 55
Distance to 445 is 56
Distance to 515 is 56
Distance to 489 is 57
Distance to 472 is 57
Distance to 492 is 58
Distance to 518 is 59
Distance to 494 is 60
Distance to 500 is 61
Distance to 450 is 63
Distance to 516 is 64
Distance to 497 is 64
Distance to 524 is 66
Distance to 530 is 67
Distance to 523 is 67
Distance to 431 is 68
Distance to 526 is 70
Distance to 455 is 74
Distance to 506 is 74
Distance to 529 is 74
Distance to 430 is 75
Distance to 531 is 80
Distance to 429 is 82
Distance to 522 is 83
Distance to 514 is 85
Distance to 461 is 88
Distance to 534 is 91
Distance to 532 is 100
Distance to 536 is 100
Distance to 468 is 103
Distance to 473 is 105
Distance to 527 is 111
Distance to 481 is 115
Distance to 519 is 115
Distance to 487 is 116
Distance to 511 is 116
Distance to 488 is 118
Distance to 496 is 119
Distance to 495 is 121
Distance to 504 is 124
Distance to 502 is 127
Distance to 505 is 130
Distance to 503 is 133
Distance to 513 is 136
Distance to 512 is 138
Distance to 521 is 149
Distance to 520 is 150
Distance to 528 is 159
Distance to 533 is 160
Distance to 535 is 170
Distance to 537 is 171
Distance to 539 is 172
Distance to 544 is 175
Distance to 540 is 183
Distance to 538 is 184
Distance to 549 is 184
Distance to 543 is 185
Distance to 545 is 189
Distance to 550 is 191
Distance to 541 is 192
Distance to 547 is 194
Distance to 546 is 194
Distance to 542 is 195
Distance to 554 is 195
Distance to 551 is 195
Distance to 548 is 196
Distance to 553 is 197
Distance to 556 is 200
Distance to 555 is 204
Distance to 557 is 204
Distance to 552 is 206
Distance to 559 is 206
Distance to 561 is 207
Distance to 562 is 209
Distance to 567 is 209
Distance to 568 is 210
Distance to 560 is 211
Distance to 573 is 211
Distance to 574 is 211
Distance to 566 is 213
Distance to 558 is 214
Distance to 565 is 215
Distance to 572 is 215
Distance to 580 is 216
Distance to 581 is 218
Distance to 563 is 219
Distance to 564 is 220
Distance to 569 is 220
Distance to 575 is 220
Distance to 582 is 222
Distance to 570 is 228
Distance to 576 is 229
Distance to 571 is 235
Distance to 587 is 236
Distance to 577 is 236
Distance to 583 is 238
Distance to 584 is 238
Distance to 592 is 243
Distance to 579 is 244
Distance to 589 is 246
Distance to 578 is 247
Distance to 586 is 247
Distance to 588 is 248
Distance to 593 is 252
Distance to 595 is 253
Distance to 591 is 255
Distance to 590 is 256
Distance to 585 is 257
Distance to 594 is 259
Distance to 596 is 264
Distance to 597 is 276
Distance to 598 is 286
Distance to 599 is 289
Distance to 600 is 295
Distance to 601 is 302
Distance to 603 is 309
Distance to 605 is 314
Distance to 602 is 315
Distance to 604 is 320
Distance to 609 is 322
Distance to 607 is 323
Distance to 608 is 324
Distance to 606 is 326
Distance to 613 is 328
Distance to 612 is 332
Distance to 616 is 332
Distance to 611 is 333
Distance to 610 is 338
Distance to 622 is 340
Distance to 617 is 341
Distance to 618 is 344
Distance to 621 is 345
Distance to 615 is 346
Distance to 623 is 346
Distance to 624 is 351
Distance to 614 is 352
Distance to 630 is 352
Distance to 629 is 355
Distance to 634 is 355
Distance to 619 is 356
Distance to 625 is 359
Distance to 627 is 359
Distance to 620 is 360
Distance to 632 is 363
Distance to 626 is 364
Distance to 635 is 367
Distance to 628 is 368
Distance to 640 is 370
Distance to 631 is 372
Distance to 633 is 374
Distance to 638 is 375
Distance to 636 is 375
Distance to 637 is 383
Distance to 639 is 385
Distance to 641 is 386
The exit is 82 distance away
430 is 7 away from exit 
431 is 14 away from exit 
432 is 28 away from exit 
433 is 34 away from exit 
434 is 37 away from exit 
435 is 40 away from exit 
436 is 43 away from exit 
437 is 48 away from exit 
439 is 63 away from exit 
442 is 77 away from exit 
446 is 81 away from exit 
And is a neighbour
451 is 82 away from exit 
Moving to 446
Moving to 442
Moving to 439
Moving to 437
Moving to 436
Moving to 435
Moving to 434
Moving to 433
Moving to 432
Moving to 431
Moving to 430
Forward
Gold collected   : 0
Bonus multiplier : 1.1
Score            : 0
]]></system-out>
  <system-err><![CDATA[]]></system-err>
</testsuite>
